[1013/135828.512:ERROR:directory_reader_win.cc(43)] FindFirstFile: The system cannot find the path specified. (0x3)
[1014/232317.580:ERROR:directory_reader_win.cc(43)] FindFirstFile: The system cannot find the path specified. (0x3)
[1121/015953.703:ERROR:directory_reader_win.cc(43)] FindFirstFile: The system cannot find the path specified. (0x3)
[1127/145051.280:ERROR:directory_reader_win.cc(43)] FindFirstFile: The system cannot find the path specified. (0x3)
[1201/175500.324:ERROR:directory_reader_win.cc(43)] FindFirstFile: The system cannot find the path specified. (0x3)
[1202/182343.652:ERROR:process_memory_win.cc(73)] ReadMemory at 0x13bc8930a60 of 72 bytes failed: Only part of a ReadProcessMemory or WriteProcessMemory request was completed. (0x12B)
[1202/182343.682:WARNING:pe_image_annotations_reader.cc(135)] could not read annotations list object in C:\Program Files (x86)\Google\Chrome\Application\87.0.4280.66\chrome_elf.dll
[1202/182343.683:ERROR:process_memory_win.cc(73)] ReadMemory at 0x13bc896dc90 of 72 bytes failed: Only part of a ReadProcessMemory or WriteProcessMemory request was completed. (0x12B)
[1202/182343.683:WARNING:pe_image_annotations_reader.cc(135)] could not read annotations list object in C:\Program Files (x86)\Google\Chrome\Application\87.0.4280.66\chrome.dll
[1202/182343.684:ERROR:process_memory_win.cc(73)] ReadMemory at 0x13bc8a20000 of 64 bytes failed: Only part of a ReadProcessMemory or WriteProcessMemory request was completed. (0x12B)
[1202/182343.684:WARNING:pe_image_reader.cc(340)] could not read dos header from C:\Windows\System32\shcore.dll
[1202/182343.831:ERROR:process_memory_win.cc(73)] ReadMemory at 0x13bc8930a60 of 72 bytes failed: Only part of a ReadProcessMemory or WriteProcessMemory request was completed. (0x12B)
[1202/182343.831:WARNING:pe_image_annotations_reader.cc(135)] could not read annotations list object in C:\Program Files (x86)\Google\Chrome\Application\87.0.4280.66\chrome_elf.dll
[1202/182343.832:ERROR:process_memory_win.cc(73)] ReadMemory at 0x13bc896dc90 of 72 bytes failed: Only part of a ReadProcessMemory or WriteProcessMemory request was completed. (0x12B)
[1202/182343.832:WARNING:pe_image_annotations_reader.cc(135)] could not read annotations list object in C:\Program Files (x86)\Google\Chrome\Application\87.0.4280.66\chrome.dll
[1202/182343.833:ERROR:process_memory_win.cc(73)] ReadMemory at 0x13bc8a20000 of 64 bytes failed: Only part of a ReadProcessMemory or WriteProcessMemory request was completed. (0x12B)
[1202/182343.833:WARNING:pe_image_reader.cc(340)] could not read dos header from C:\Windows\System32\shcore.dll
[1202/182343.833:ERROR:process_memory_win.cc(73)] ReadMemory at 0x13bc8930a60 of 72 bytes failed: Only part of a ReadProcessMemory or WriteProcessMemory request was completed. (0x12B)
[1202/182343.834:WARNING:pe_image_annotations_reader.cc(135)] could not read annotations list object in C:\Program Files (x86)\Google\Chrome\Application\87.0.4280.66\chrome_elf.dll
[1202/182343.834:ERROR:process_memory_win.cc(73)] ReadMemory at 0x13bc896dc90 of 72 bytes failed: Only part of a ReadProcessMemory or WriteProcessMemory request was completed. (0x12B)
[1202/182343.834:WARNING:pe_image_annotations_reader.cc(135)] could not read annotations list object in C:\Program Files (x86)\Google\Chrome\Application\87.0.4280.66\chrome.dll
[1202/182343.835:ERROR:process_memory_win.cc(73)] ReadMemory at 0x13bc8a20000 of 64 bytes failed: Only part of a ReadProcessMemory or WriteProcessMemory request was completed. (0x12B)
[1202/182343.835:WARNING:pe_image_reader.cc(340)] could not read dos header from C:\Windows\System32\shcore.dll
[1202/182343.899:ERROR:process_memory_win.cc(73)] ReadMemory at 0x31419bf000 of 266240 bytes failed: Only part of a ReadProcessMemory or WriteProcessMemory request was completed. (0x12B)
[1202/182343.901:ERROR:process_memory_win.cc(73)] ReadMemory at 0x31421fe000 of 8192 bytes failed: Only part of a ReadProcessMemory or WriteProcessMemory request was completed. (0x12B)
[1202/182343.901:ERROR:process_memory_win.cc(73)] ReadMemory at 0x31431fe000 of 8192 bytes failed: Only part of a ReadProcessMemory or WriteProcessMemory request was completed. (0x12B)
[1202/182343.901:ERROR:process_memory_win.cc(73)] ReadMemory at 0x31439fd000 of 12288 bytes failed: Only part of a ReadProcessMemory or WriteProcessMemory request was completed. (0x12B)
[1202/182343.903:ERROR:process_memory_win.cc(73)] ReadMemory at 0x31441fe000 of 8192 bytes failed: Only part of a ReadProcessMemory or WriteProcessMemory request was completed. (0x12B)
[1202/182343.903:ERROR:process_memory_win.cc(73)] ReadMemory at 0x31449fe000 of 8192 bytes failed: Only part of a ReadProcessMemory or WriteProcessMemory request was completed. (0x12B)
[1202/182343.903:ERROR:process_memory_win.cc(73)] ReadMemory at 0x31451fd000 of 12288 bytes failed: Only part of a ReadProcessMemory or WriteProcessMemory request was completed. (0x12B)
[1202/182343.903:ERROR:process_memory_win.cc(73)] ReadMemory at 0x31461fe000 of 8192 bytes failed: Only part of a ReadProcessMemory or WriteProcessMemory request was completed. (0x12B)
[1202/182343.904:ERROR:process_memory_win.cc(73)] ReadMemory at 0x31469fa000 of 24576 bytes failed: Only part of a ReadProcessMemory or WriteProcessMemory request was completed. (0x12B)
[1202/182343.904:ERROR:process_memory_win.cc(73)] ReadMemory at 0x31471f9000 of 28672 bytes failed: Only part of a ReadProcessMemory or WriteProcessMemory request was completed. (0x12B)
[1202/182343.904:ERROR:process_memory_win.cc(73)] ReadMemory at 0x31479fa000 of 24576 bytes failed: Only part of a ReadProcessMemory or WriteProcessMemory request was completed. (0x12B)
[1202/182343.904:ERROR:process_memory_win.cc(73)] ReadMemory at 0x31481fe000 of 8192 bytes failed: Only part of a ReadProcessMemory or WriteProcessMemory request was completed. (0x12B)
[1202/182343.904:ERROR:process_memory_win.cc(73)] ReadMemory at 0x31499fe000 of 8192 bytes failed: Only part of a ReadProcessMemory or WriteProcessMemory request was completed. (0x12B)
[1202/182343.904:ERROR:process_memory_win.cc(73)] ReadMemory at 0x31459fc000 of 16384 bytes failed: Only part of a ReadProcessMemory or WriteProcessMemory request was completed. (0x12B)
[1202/182343.905:ERROR:process_memory_win.cc(73)] ReadMemory at 0x31489fe000 of 8192 bytes failed: Only part of a ReadProcessMemory or WriteProcessMemory request was completed. (0x12B)
[1202/182343.905:ERROR:process_memory_win.cc(73)] ReadMemory at 0x31429ff000 of 4096 bytes failed: Only part of a ReadProcessMemory or WriteProcessMemory request was completed. (0x12B)
[1202/182343.905:ERROR:process_memory_win.cc(73)] ReadMemory at 0x314103b000 of 852 bytes failed: Only part of a ReadProcessMemory or WriteProcessMemory request was completed. (0x12B)
[1202/182343.905:ERROR:process_memory_win.cc(73)] ReadMemory at 0x314103c000 of 6024 bytes failed: Only part of a ReadProcessMemory or WriteProcessMemory request was completed. (0x12B)
[1202/182343.905:ERROR:process_memory_win.cc(73)] ReadMemory at 0x314103e000 of 6024 bytes failed: Only part of a ReadProcessMemory or WriteProcessMemory request was completed. (0x12B)
[1202/182343.905:ERROR:process_memory_win.cc(73)] ReadMemory at 0x3141042000 of 6024 bytes failed: Only part of a ReadProcessMemory or WriteProcessMemory request was completed. (0x12B)
[1202/182343.905:ERROR:process_memory_win.cc(73)] ReadMemory at 0x3141044000 of 6024 bytes failed: Only part of a ReadProcessMemory or WriteProcessMemory request was completed. (0x12B)
[1202/182343.906:ERROR:process_memory_win.cc(73)] ReadMemory at 0x3141046000 of 6024 bytes failed: Only part of a ReadProcessMemory or WriteProcessMemory request was completed. (0x12B)
[1202/182343.906:ERROR:process_memory_win.cc(73)] ReadMemory at 0x3141048000 of 6024 bytes failed: Only part of a ReadProcessMemory or WriteProcessMemory request was completed. (0x12B)
[1202/182343.906:ERROR:process_memory_win.cc(73)] ReadMemory at 0x314104a000 of 6024 bytes failed: Only part of a ReadProcessMemory or WriteProcessMemory request was completed. (0x12B)
[1202/182343.906:ERROR:process_memory_win.cc(73)] ReadMemory at 0x314104e000 of 6024 bytes failed: Only part of a ReadProcessMemory or WriteProcessMemory request was completed. (0x12B)
[1202/182343.906:ERROR:process_memory_win.cc(73)] ReadMemory at 0x3141050000 of 6024 bytes failed: Only part of a ReadProcessMemory or WriteProcessMemory request was completed. (0x12B)
[1202/182343.907:ERROR:process_memory_win.cc(73)] ReadMemory at 0x3141052000 of 6024 bytes failed: Only part of a ReadProcessMemory or WriteProcessMemory request was completed. (0x12B)
[1202/182343.907:ERROR:process_memory_win.cc(73)] ReadMemory at 0x3141054000 of 6024 bytes failed: Only part of a ReadProcessMemory or WriteProcessMemory request was completed. (0x12B)
[1202/182343.907:ERROR:process_memory_win.cc(73)] ReadMemory at 0x314105e000 of 6024 bytes failed: Only part of a ReadProcessMemory or WriteProcessMemory request was completed. (0x12B)
[1202/182343.908:ERROR:process_memory_win.cc(73)] ReadMemory at 0x3141060000 of 6024 bytes failed: Only part of a ReadProcessMemory or WriteProcessMemory request was completed. (0x12B)
[1202/182343.908:ERROR:process_memory_win.cc(73)] ReadMemory at 0x3141112000 of 6024 bytes failed: Only part of a ReadProcessMemory or WriteProcessMemory request was completed. (0x12B)
[1202/182343.908:ERROR:process_memory_win.cc(73)] ReadMemory at 0x314111a000 of 6024 bytes failed: Only part of a ReadProcessMemory or WriteProcessMemory request was completed. (0x12B)
[1202/182343.908:ERROR:process_memory_win.cc(73)] ReadMemory at 0x314111c000 of 6024 bytes failed: Only part of a ReadProcessMemory or WriteProcessMemory request was completed. (0x12B)
[1202/182343.908:ERROR:process_memory_win.cc(73)] ReadMemory at 0x13bc87a3c40 of 512 bytes failed: Only part of a ReadProcessMemory or WriteProcessMemory request was completed. (0x12B)
[1202/182343.908:ERROR:process_memory_win.cc(73)] ReadMemory at 0x13bc87a8500 of 512 bytes failed: Only part of a ReadProcessMemory or WriteProcessMemory request was completed. (0x12B)
[1202/182343.908:ERROR:process_memory_win.cc(73)] ReadMemory at 0x13bc8920fe0 of 10968 bytes failed: Only part of a ReadProcessMemory or WriteProcessMemory request was completed. (0x12B)
[1202/182343.908:ERROR:process_memory_win.cc(73)] ReadMemory at 0x13bc8923ac0 of 1012 bytes failed: Only part of a ReadProcessMemory or WriteProcessMemory request was completed. (0x12B)
[1202/182343.909:ERROR:process_memory_win.cc(73)] ReadMemory at 0x13bc89240e8 of 118 bytes failed: Only part of a ReadProcessMemory or WriteProcessMemory request was completed. (0x12B)
[1202/182343.909:ERROR:process_memory_win.cc(73)] ReadMemory at 0x13bc8924160 of 768 bytes failed: Only part of a ReadProcessMemory or WriteProcessMemory request was completed. (0x12B)
[1202/182343.909:ERROR:process_memory_win.cc(73)] ReadMemory at 0x13bc8924462 of 118 bytes failed: Only part of a ReadProcessMemory or WriteProcessMemory request was completed. (0x12B)
[1202/182343.910:ERROR:process_memory_win.cc(73)] ReadMemory at 0x13bc89244da of 96 bytes failed: Only part of a ReadProcessMemory or WriteProcessMemory request was completed. (0x12B)
[1202/182343.910:ERROR:process_memory_win.cc(73)] ReadMemory at 0x13bc8924550 of 58 bytes failed: Only part of a ReadProcessMemory or WriteProcessMemory request was completed. (0x12B)
[1202/182343.910:ERROR:process_memory_win.cc(73)] ReadMemory at 0x13bc8924650 of 132 bytes failed: Only part of a ReadProcessMemory or WriteProcessMemory request was completed. (0x12B)
[1202/182343.911:ERROR:process_memory_win.cc(73)] ReadMemory at 0x13bc89247e0 of 132 bytes failed: Only part of a ReadProcessMemory or WriteProcessMemory request was completed. (0x12B)
[1202/182343.911:ERROR:process_memory_win.cc(73)] ReadMemory at 0x13bc89249a0 of 124 bytes failed: Only part of a ReadProcessMemory or WriteProcessMemory request was completed. (0x12B)
[1202/182343.911:ERROR:process_memory_win.cc(73)] ReadMemory at 0x13bc8924ea0 of 132 bytes failed: Only part of a ReadProcessMemory or WriteProcessMemory request was completed. (0x12B)
[1202/182343.912:ERROR:process_memory_win.cc(73)] ReadMemory at 0x13bc8925030 of 64 bytes failed: Only part of a ReadProcessMemory or WriteProcessMemory request was completed. (0x12B)
[1202/182343.912:ERROR:process_memory_win.cc(73)] ReadMemory at 0x13bc89251f0 of 132 bytes failed: Only part of a ReadProcessMemory or WriteProcessMemory request was completed. (0x12B)
[1202/182343.913:ERROR:process_memory_win.cc(73)] ReadMemory at 0x13bc8925490 of 132 bytes failed: Only part of a ReadProcessMemory or WriteProcessMemory request was completed. (0x12B)
[1202/182343.913:ERROR:process_memory_win.cc(73)] ReadMemory at 0x13bc8925620 of 68 bytes failed: Only part of a ReadProcessMemory or WriteProcessMemory request was completed. (0x12B)
[1202/182343.913:ERROR:process_memory_win.cc(73)] ReadMemory at 0x13bc89265e0 of 132 bytes failed: Only part of a ReadProcessMemory or WriteProcessMemory request was completed. (0x12B)
[1202/182343.913:ERROR:process_memory_win.cc(73)] ReadMemory at 0x13bc8926770 of 152 bytes failed: Only part of a ReadProcessMemory or WriteProcessMemory request was completed. (0x12B)
[1202/182343.913:ERROR:process_memory_win.cc(73)] ReadMemory at 0x13bc8927460 of 62 bytes failed: Only part of a ReadProcessMemory or WriteProcessMemory request was completed. (0x12B)
[1202/182343.914:ERROR:process_memory_win.cc(73)] ReadMemory at 0x13bc89275c0 of 132 bytes failed: Only part of a ReadProcessMemory or WriteProcessMemory request was completed. (0x12B)
[1202/182343.914:ERROR:process_memory_win.cc(73)] ReadMemory at 0x13bc8927750 of 60 bytes failed: Only part of a ReadProcessMemory or WriteProcessMemory request was completed. (0x12B)
[1202/182343.914:ERROR:process_memory_win.cc(73)] ReadMemory at 0x13bc8937bd0 of 80 bytes failed: Only part of a ReadProcessMemory or WriteProcessMemory request was completed. (0x12B)
[1202/182343.914:ERROR:process_memory_win.cc(73)] ReadMemory at 0x13bc8938970 of 144 bytes failed: Only part of a ReadProcessMemory or WriteProcessMemory request was completed. (0x12B)
[1202/182343.914:ERROR:process_memory_win.cc(73)] ReadMemory at 0x13bc8938b60 of 132 bytes failed: Only part of a ReadProcessMemory or WriteProcessMemory request was completed. (0x12B)
[1202/182343.914:ERROR:process_memory_win.cc(73)] ReadMemory at 0x13bc8938d80 of 132 bytes failed: Only part of a ReadProcessMemory or WriteProcessMemory request was completed. (0x12B)
[1202/182343.914:ERROR:process_memory_win.cc(73)] ReadMemory at 0x13bc89390f0 of 132 bytes failed: Only part of a ReadProcessMemory or WriteProcessMemory request was completed. (0x12B)
[1202/182343.915:ERROR:process_memory_win.cc(73)] ReadMemory at 0x13bc893aff0 of 64 bytes failed: Only part of a ReadProcessMemory or WriteProcessMemory request was completed. (0x12B)
[1202/182343.915:ERROR:process_memory_win.cc(73)] ReadMemory at 0x13bc893b040 of 62 bytes failed: Only part of a ReadProcessMemory or WriteProcessMemory request was completed. (0x12B)
[1202/182343.915:ERROR:process_memory_win.cc(73)] ReadMemory at 0x13bc893b090 of 60 bytes failed: Only part of a ReadProcessMemory or WriteProcessMemory request was completed. (0x12B)
[1202/182343.917:ERROR:process_memory_win.cc(73)] ReadMemory at 0x13bc893b130 of 60 bytes failed: Only part of a ReadProcessMemory or WriteProcessMemory request was completed. (0x12B)
[1202/182343.917:ERROR:process_memory_win.cc(73)] ReadMemory at 0x13bc893b180 of 64 bytes failed: Only part of a ReadProcessMemory or WriteProcessMemory request was completed. (0x12B)
[1202/182343.917:ERROR:process_memory_win.cc(73)] ReadMemory at 0x13bc893b1d0 of 66 bytes failed: Only part of a ReadProcessMemory or WriteProcessMemory request was completed. (0x12B)
[1202/182343.917:ERROR:process_memory_win.cc(73)] ReadMemory at 0x13bc893b270 of 66 bytes failed: Only part of a ReadProcessMemory or WriteProcessMemory request was completed. (0x12B)
[1202/182343.917:ERROR:process_memory_win.cc(73)] ReadMemory at 0x13bc893b2c0 of 64 bytes failed: Only part of a ReadProcessMemory or WriteProcessMemory request was completed. (0x12B)
[1202/182343.917:ERROR:process_memory_win.cc(73)] ReadMemory at 0x13bc893b450 of 68 bytes failed: Only part of a ReadProcessMemory or WriteProcessMemory request was completed. (0x12B)
[1202/182343.918:ERROR:process_memory_win.cc(73)] ReadMemory at 0x13bc893b4a0 of 62 bytes failed: Only part of a ReadProcessMemory or WriteProcessMemory request was completed. (0x12B)
[1202/182343.918:ERROR:process_memory_win.cc(73)] ReadMemory at 0x13bc893b540 of 58 bytes failed: Only part of a ReadProcessMemory or WriteProcessMemory request was completed. (0x12B)
[1202/182343.918:ERROR:process_memory_win.cc(73)] ReadMemory at 0x13bc893b590 of 62 bytes failed: Only part of a ReadProcessMemory or WriteProcessMemory request was completed. (0x12B)
[1202/182343.918:ERROR:process_memory_win.cc(73)] ReadMemory at 0x13bc893b6d0 of 64 bytes failed: Only part of a ReadProcessMemory or WriteProcessMemory request was completed. (0x12B)
[1202/182343.924:ERROR:process_memory_win.cc(73)] ReadMemory at 0x13bc893b720 of 62 bytes failed: Only part of a ReadProcessMemory or WriteProcessMemory request was completed. (0x12B)
[1202/182343.924:ERROR:process_memory_win.cc(73)] ReadMemory at 0x13bc893b8b0 of 64 bytes failed: Only part of a ReadProcessMemory or WriteProcessMemory request was completed. (0x12B)
[1202/182343.924:ERROR:process_memory_win.cc(73)] ReadMemory at 0x13bc893b900 of 64 bytes failed: Only part of a ReadProcessMemory or WriteProcessMemory request was completed. (0x12B)
[1202/182343.924:ERROR:process_memory_win.cc(73)] ReadMemory at 0x13bc893bbd0 of 62 bytes failed: Only part of a ReadProcessMemory or WriteProcessMemory request was completed. (0x12B)
[1202/182343.924:ERROR:process_memory_win.cc(73)] ReadMemory at 0x13bc893bcc0 of 64 bytes failed: Only part of a ReadProcessMemory or WriteProcessMemory request was completed. (0x12B)
[1202/182343.924:ERROR:process_memory_win.cc(73)] ReadMemory at 0x13bc893bd10 of 60 bytes failed: Only part of a ReadProcessMemory or WriteProcessMemory request was completed. (0x12B)
[1202/182343.925:ERROR:process_memory_win.cc(73)] ReadMemory at 0x13bc893bd60 of 62 bytes failed: Only part of a ReadProcessMemory or WriteProcessMemory request was completed. (0x12B)
[1202/182343.925:ERROR:process_memory_win.cc(73)] ReadMemory at 0x13bc893bdb0 of 62 bytes failed: Only part of a ReadProcessMemory or WriteProcessMemory request was completed. (0x12B)
[1202/182343.925:ERROR:process_memory_win.cc(73)] ReadMemory at 0x13bc893be50 of 64 bytes failed: Only part of a ReadProcessMemory or WriteProcessMemory request was completed. (0x12B)
[1202/182343.925:ERROR:process_memory_win.cc(73)] ReadMemory at 0x13bc893bea0 of 62 bytes failed: Only part of a ReadProcessMemory or WriteProcessMemory request was completed. (0x12B)
[1202/182343.925:ERROR:process_memory_win.cc(73)] ReadMemory at 0x13bc893bef0 of 60 bytes failed: Only part of a ReadProcessMemory or WriteProcessMemory request was completed. (0x12B)
[1202/182343.926:ERROR:process_memory_win.cc(73)] ReadMemory at 0x13bc893bf40 of 60 bytes failed: Only part of a ReadProcessMemory or WriteProcessMemory request was completed. (0x12B)
[1202/182343.927:ERROR:process_memory_win.cc(73)] ReadMemory at 0x13bc893d020 of 132 bytes failed: Only part of a ReadProcessMemory or WriteProcessMemory request was completed. (0x12B)
[1202/182343.927:ERROR:process_memory_win.cc(73)] ReadMemory at 0x13bc893d150 of 132 bytes failed: Only part of a ReadProcessMemory or WriteProcessMemory request was completed. (0x12B)
[1202/182343.927:ERROR:process_memory_win.cc(73)] ReadMemory at 0x13bc893d280 of 132 bytes failed: Only part of a ReadProcessMemory or WriteProcessMemory request was completed. (0x12B)
[1202/182343.927:ERROR:process_memory_win.cc(73)] ReadMemory at 0x13bc893d3b0 of 132 bytes failed: Only part of a ReadProcessMemory or WriteProcessMemory request was completed. (0x12B)
[1202/182343.927:ERROR:process_memory_win.cc(73)] ReadMemory at 0x13bc893d4e0 of 132 bytes failed: Only part of a ReadProcessMemory or WriteProcessMemory request was completed. (0x12B)
[1202/182343.928:ERROR:process_memory_win.cc(73)] ReadMemory at 0x13bc893d610 of 132 bytes failed: Only part of a ReadProcessMemory or WriteProcessMemory request was completed. (0x12B)
[1202/182343.929:ERROR:process_memory_win.cc(73)] ReadMemory at 0x13bc893d740 of 132 bytes failed: Only part of a ReadProcessMemory or WriteProcessMemory request was completed. (0x12B)
[1202/182343.929:ERROR:process_memory_win.cc(73)] ReadMemory at 0x13bc893d870 of 132 bytes failed: Only part of a ReadProcessMemory or WriteProcessMemory request was completed. (0x12B)
[1202/182343.929:ERROR:process_memory_win.cc(73)] ReadMemory at 0x13bc893d9a0 of 132 bytes failed: Only part of a ReadProcessMemory or WriteProcessMemory request was completed. (0x12B)
[1202/182343.929:ERROR:process_memory_win.cc(73)] ReadMemory at 0x13bc893dad0 of 132 bytes failed: Only part of a ReadProcessMemory or WriteProcessMemory request was completed. (0x12B)
[1202/182343.930:ERROR:process_memory_win.cc(73)] ReadMemory at 0x13bc893dc00 of 132 bytes failed: Only part of a ReadProcessMemory or WriteProcessMemory request was completed. (0x12B)
[1202/182343.930:ERROR:process_memory_win.cc(73)] ReadMemory at 0x13bc893de60 of 132 bytes failed: Only part of a ReadProcessMemory or WriteProcessMemory request was completed. (0x12B)
[1202/182343.930:ERROR:process_memory_win.cc(73)] ReadMemory at 0x13bc8941d10 of 132 bytes failed: Only part of a ReadProcessMemory or WriteProcessMemory request was completed. (0x12B)
[1202/182343.930:ERROR:process_memory_win.cc(73)] ReadMemory at 0x13bc8941e40 of 132 bytes failed: Only part of a ReadProcessMemory or WriteProcessMemory request was completed. (0x12B)
[1202/182343.930:ERROR:process_memory_win.cc(73)] ReadMemory at 0x13bc8942200 of 132 bytes failed: Only part of a ReadProcessMemory or WriteProcessMemory request was completed. (0x12B)
[1202/182343.930:ERROR:process_memory_win.cc(73)] ReadMemory at 0x13bc8942670 of 54 bytes failed: Only part of a ReadProcessMemory or WriteProcessMemory request was completed. (0x12B)
[1202/182343.931:ERROR:process_memory_win.cc(73)] ReadMemory at 0x13bc89436e0 of 132 bytes failed: Only part of a ReadProcessMemory or WriteProcessMemory request was completed. (0x12B)
[1202/182343.960:ERROR:process_memory_win.cc(73)] ReadMemory at 0x13bc89469b0 of 132 bytes failed: Only part of a ReadProcessMemory or WriteProcessMemory request was completed. (0x12B)
[1202/182343.960:ERROR:process_memory_win.cc(73)] ReadMemory at 0x13bc8946ae0 of 132 bytes failed: Only part of a ReadProcessMemory or WriteProcessMemory request was completed. (0x12B)
[1202/182343.960:ERROR:process_memory_win.cc(73)] ReadMemory at 0x13bc8946e00 of 132 bytes failed: Only part of a ReadProcessMemory or WriteProcessMemory request was completed. (0x12B)
[1202/182343.960:ERROR:process_memory_win.cc(73)] ReadMemory at 0x13bc89477c0 of 80 bytes failed: Only part of a ReadProcessMemory or WriteProcessMemory request was completed. (0x12B)
[1202/182343.960:ERROR:process_memory_win.cc(73)] ReadMemory at 0x13bc8947d00 of 76 bytes failed: Only part of a ReadProcessMemory or WriteProcessMemory request was completed. (0x12B)
[1202/182343.961:ERROR:process_memory_win.cc(73)] ReadMemory at 0x13bc8947f90 of 132 bytes failed: Only part of a ReadProcessMemory or WriteProcessMemory request was completed. (0x12B)
[1202/182343.961:ERROR:process_memory_win.cc(73)] ReadMemory at 0x13bc8948580 of 132 bytes failed: Only part of a ReadProcessMemory or WriteProcessMemory request was completed. (0x12B)
[1202/182343.961:ERROR:process_memory_win.cc(73)] ReadMemory at 0x13bc8948f00 of 132 bytes failed: Only part of a ReadProcessMemory or WriteProcessMemory request was completed. (0x12B)
[1202/182343.961:ERROR:process_memory_win.cc(73)] ReadMemory at 0x13bc8949160 of 132 bytes failed: Only part of a ReadProcessMemory or WriteProcessMemory request was completed. (0x12B)
[1202/182343.961:ERROR:process_memory_win.cc(73)] ReadMemory at 0x13bc89493c0 of 132 bytes failed: Only part of a ReadProcessMemory or WriteProcessMemory request was completed. (0x12B)
[1202/182343.961:ERROR:process_memory_win.cc(73)] ReadMemory at 0x13bc8949620 of 132 bytes failed: Only part of a ReadProcessMemory or WriteProcessMemory request was completed. (0x12B)
[1202/182343.961:ERROR:process_memory_win.cc(73)] ReadMemory at 0x13bc8949750 of 132 bytes failed: Only part of a ReadProcessMemory or WriteProcessMemory request was completed. (0x12B)
[1202/182343.961:ERROR:process_memory_win.cc(73)] ReadMemory at 0x13bc8949880 of 132 bytes failed: Only part of a ReadProcessMemory or WriteProcessMemory request was completed. (0x12B)
[1202/182343.961:ERROR:process_memory_win.cc(73)] ReadMemory at 0x13bc89499b0 of 132 bytes failed: Only part of a ReadProcessMemory or WriteProcessMemory request was completed. (0x12B)
[1202/182343.962:ERROR:process_memory_win.cc(73)] ReadMemory at 0x13bc8949c10 of 132 bytes failed: Only part of a ReadProcessMemory or WriteProcessMemory request was completed. (0x12B)
[1202/182343.962:ERROR:process_memory_win.cc(73)] ReadMemory at 0x13bc8949d40 of 132 bytes failed: Only part of a ReadProcessMemory or WriteProcessMemory request was completed. (0x12B)
[1202/182343.962:ERROR:process_memory_win.cc(73)] ReadMemory at 0x13bc894d200 of 60 bytes failed: Only part of a ReadProcessMemory or WriteProcessMemory request was completed. (0x12B)
[1202/182343.962:ERROR:process_memory_win.cc(73)] ReadMemory at 0x13bc894d480 of 62 bytes failed: Only part of a ReadProcessMemory or WriteProcessMemory request was completed. (0x12B)
[1202/182343.962:ERROR:process_memory_win.cc(73)] ReadMemory at 0x13bc894d7f0 of 62 bytes failed: Only part of a ReadProcessMemory or WriteProcessMemory request was completed. (0x12B)
[1202/182343.962:ERROR:process_memory_win.cc(73)] ReadMemory at 0x13bc8995d20 of 512 bytes failed: Only part of a ReadProcessMemory or WriteProcessMemory request was completed. (0x12B)
[1202/182343.962:ERROR:process_memory_win.cc(73)] ReadMemory at 0x13bc89a8440 of 512 bytes failed: Only part of a ReadProcessMemory or WriteProcessMemory request was completed. (0x12B)
[1202/182343.962:ERROR:process_memory_win.cc(73)] ReadMemory at 0x13bc89b9b50 of 512 bytes failed: Only part of a ReadProcessMemory or WriteProcessMemory request was completed. (0x12B)
[1202/182343.962:ERROR:process_memory_win.cc(73)] ReadMemory at 0x13bc89bac90 of 512 bytes failed: Only part of a ReadProcessMemory or WriteProcessMemory request was completed. (0x12B)
[1202/182343.962:ERROR:process_memory_win.cc(73)] ReadMemory at 0x13bc89bc8d0 of 712 bytes failed: Only part of a ReadProcessMemory or WriteProcessMemory request was completed. (0x12B)
[1202/182343.963:ERROR:process_memory_win.cc(73)] ReadMemory at 0x13bc89c96f8 of 512 bytes failed: Only part of a ReadProcessMemory or WriteProcessMemory request was completed. (0x12B)
[1202/182343.963:ERROR:process_memory_win.cc(73)] ReadMemory at 0x13bc89def48 of 512 bytes failed: Only part of a ReadProcessMemory or WriteProcessMemory request was completed. (0x12B)
[1202/182343.963:ERROR:process_memory_win.cc(73)] ReadMemory at 0x13bc89dfa88 of 512 bytes failed: Only part of a ReadProcessMemory or WriteProcessMemory request was completed. (0x12B)
[1202/182343.963:ERROR:process_memory_win.cc(73)] ReadMemory at 0x13bc89dff98 of 512 bytes failed: Only part of a ReadProcessMemory or WriteProcessMemory request was completed. (0x12B)
[1202/182343.963:ERROR:process_memory_win.cc(73)] ReadMemory at 0x13bc89fa400 of 512 bytes failed: Only part of a ReadProcessMemory or WriteProcessMemory request was completed. (0x12B)
[1202/182343.963:ERROR:process_memory_win.cc(73)] ReadMemory at 0x13bca361fc0 of 512 bytes failed: Only part of a ReadProcessMemory or WriteProcessMemory request was completed. (0x12B)
[1202/182343.963:ERROR:process_memory_win.cc(73)] ReadMemory at 0x13bca37b676 of 972 bytes failed: Only part of a ReadProcessMemory or WriteProcessMemory request was completed. (0x12B)
[1202/182343.963:ERROR:process_memory_win.cc(73)] ReadMemory at 0x13bca3e5d50 of 512 bytes failed: Only part of a ReadProcessMemory or WriteProcessMemory request was completed. (0x12B)
[1202/182343.964:ERROR:process_memory_win.cc(73)] ReadMemory at 0x13bca3eadf0 of 512 bytes failed: Only part of a ReadProcessMemory or WriteProcessMemory request was completed. (0x12B)
[1202/182343.964:ERROR:process_memory_win.cc(73)] ReadMemory at 0x13bca7d0630 of 512 bytes failed: Only part of a ReadProcessMemory or WriteProcessMemory request was completed. (0x12B)
[1202/182343.964:ERROR:process_memory_win.cc(73)] ReadMemory at 0x13bcaa18c80 of 512 bytes failed: Only part of a ReadProcessMemory or WriteProcessMemory request was completed. (0x12B)
[1202/182343.964:ERROR:process_memory_win.cc(73)] ReadMemory at 0x13bcc169010 of 512 bytes failed: Only part of a ReadProcessMemory or WriteProcessMemory request was completed. (0x12B)
[1202/182343.964:ERROR:process_memory_win.cc(73)] ReadMemory at 0x13bcc46d6f0 of 512 bytes failed: Only part of a ReadProcessMemory or WriteProcessMemory request was completed. (0x12B)
[1202/182343.964:ERROR:process_memory_win.cc(73)] ReadMemory at 0x13bcd1099d0 of 512 bytes failed: Only part of a ReadProcessMemory or WriteProcessMemory request was completed. (0x12B)
[1202/182343.965:ERROR:process_memory_win.cc(73)] ReadMemory at 0x13bcd22b080 of 512 bytes failed: Only part of a ReadProcessMemory or WriteProcessMemory request was completed. (0x12B)
[1202/182343.965:ERROR:process_memory_win.cc(73)] ReadMemory at 0x13bcda715a0 of 512 bytes failed: Only part of a ReadProcessMemory or WriteProcessMemory request was completed. (0x12B)
[1202/182344.021:ERROR:filesystem_win.cc(129)] GetFileAttributes C:\Users\Dangolden\AppData\Local\Google\Chrome\User Data\Crashpad\attachments\2b405989-14ad-421a-88f9-d4363988b799: The system cannot find the path specified. (0x3)
[1202/182343.977:ERROR:scoped_process_suspend.cc(40)] NtResumeProcess: An attempt was made to access an exiting process. (0xc000010a)
[1203/014022.820:ERROR:process_reader_win.cc(151)] SuspendThread: Access is denied. (0x5)
[1203/014022.988:ERROR:process_reader_win.cc(151)] SuspendThread: Access is denied. (0x5)
[1203/014022.820:ERROR:process_reader_win.cc(151)] SuspendThread: Access is denied. (0x5)
[1203/014023.015:ERROR:process_reader_win.cc(151)] SuspendThread: Access is denied. (0x5)
[1203/014022.820:ERROR:process_reader_win.cc(151)] SuspendThread: Access is denied. (0x5)
[1203/014022.820:ERROR:process_reader_win.cc(151)] SuspendThread: Access is denied. (0x5)
[1203/014022.820:ERROR:process_reader_win.cc(151)] SuspendThread: Access is denied. (0x5)
[1203/014023.015:ERROR:process_reader_win.cc(151)] SuspendThread: Access is denied. (0x5)
[1203/014022.820:ERROR:process_reader_win.cc(151)] SuspendThread: Access is denied. (0x5)
[1203/014023.015:ERROR:process_reader_win.cc(151)] SuspendThread: Access is denied. (0x5)
[1203/014023.015:ERROR:process_reader_win.cc(151)] SuspendThread: Access is denied. (0x5)
[1203/014023.015:ERROR:process_reader_win.cc(151)] SuspendThread: Access is denied. (0x5)
[1203/014023.015:ERROR:process_reader_win.cc(151)] SuspendThread: Access is denied. (0x5)
[1203/014023.015:ERROR:process_reader_win.cc(151)] SuspendThread: Access is denied. (0x5)
[1203/014023.015:ERROR:process_reader_win.cc(151)] SuspendThread: Access is denied. (0x5)
[1203/014023.015:ERROR:process_reader_win.cc(151)] SuspendThread: Access is denied. (0x5)
[1203/014023.015:ERROR:process_reader_win.cc(151)] SuspendThread: Access is denied. (0x5)
[1203/014023.015:ERROR:process_reader_win.cc(151)] SuspendThread: Access is denied. (0x5)
[1203/014023.015:ERROR:process_reader_win.cc(151)] SuspendThread: Access is denied. (0x5)
[1203/014023.015:ERROR:process_reader_win.cc(151)] SuspendThread: Access is denied. (0x5)
[1203/014023.015:ERROR:process_reader_win.cc(151)] SuspendThread: Access is denied. (0x5)
[1203/014023.015:ERROR:process_reader_win.cc(151)] SuspendThread: Access is denied. (0x5)
[1203/014023.015:ERROR:process_reader_win.cc(151)] SuspendThread: Access is denied. (0x5)
[1203/014023.015:ERROR:process_reader_win.cc(151)] SuspendThread: Access is denied. (0x5)
[1203/014023.015:ERROR:process_reader_win.cc(151)] SuspendThread: Access is denied. (0x5)
[1203/014023.015:ERROR:process_reader_win.cc(151)] SuspendThread: Access is denied. (0x5)
[1203/014023.015:ERROR:process_reader_win.cc(151)] SuspendThread: Access is denied. (0x5)
[1203/014023.015:ERROR:process_reader_win.cc(151)] SuspendThread: Access is denied. (0x5)
[1203/014023.015:ERROR:process_reader_win.cc(151)] SuspendThread: Access is denied. (0x5)
[1203/014023.015:ERROR:process_reader_win.cc(151)] SuspendThread: Access is denied. (0x5)
[1203/014023.015:ERROR:process_reader_win.cc(151)] SuspendThread: Access is denied. (0x5)
[1203/014023.015:ERROR:process_reader_win.cc(151)] SuspendThread: Access is denied. (0x5)
[1203/014023.015:ERROR:process_reader_win.cc(151)] SuspendThread: Access is denied. (0x5)
[1203/014023.016:ERROR:process_reader_win.cc(151)] SuspendThread: Access is denied. (0x5)
[1203/014023.015:ERROR:process_reader_win.cc(151)] SuspendThread: Access is denied. (0x5)
[1203/014023.016:ERROR:process_reader_win.cc(151)] SuspendThread: Access is denied. (0x5)
[1203/014023.015:ERROR:process_reader_win.cc(151)] SuspendThread: Access is denied. (0x5)
[1203/014023.015:ERROR:process_reader_win.cc(151)] SuspendThread: Access is denied. (0x5)
[1203/014023.016:ERROR:process_reader_win.cc(151)] SuspendThread: Access is denied. (0x5)
[1203/014023.016:ERROR:process_reader_win.cc(151)] SuspendThread: Access is denied. (0x5)
[1203/014023.015:ERROR:process_reader_win.cc(151)] SuspendThread: Access is denied. (0x5)
[1203/014023.015:ERROR:process_reader_win.cc(151)] SuspendThread: Access is denied. (0x5)
[1203/014023.016:ERROR:process_reader_win.cc(151)] SuspendThread: Access is denied. (0x5)
[1203/014023.016:ERROR:process_reader_win.cc(151)] SuspendThread: Access is denied. (0x5)
[1203/014023.016:ERROR:process_reader_win.cc(151)] SuspendThread: Access is denied. (0x5)
[1203/014023.016:ERROR:process_reader_win.cc(151)] SuspendThread: Access is denied. (0x5)
[1203/014023.016:ERROR:process_reader_win.cc(151)] SuspendThread: Access is denied. (0x5)
[1203/014023.016:ERROR:process_reader_win.cc(151)] SuspendThread: Access is denied. (0x5)
[1203/014023.016:ERROR:process_reader_win.cc(151)] SuspendThread: Access is denied. (0x5)
[1203/014023.016:ERROR:process_reader_win.cc(151)] SuspendThread: Access is denied. (0x5)
[1203/014023.016:ERROR:process_reader_win.cc(123)] NtOpenThread: {Access Denied} A process has requested access to an object, but has not been granted those access rights. (0xc0000022)
[1203/014023.016:ERROR:process_reader_win.cc(123)] NtOpenThread: {Access Denied} A process has requested access to an object, but has not been granted those access rights. (0xc0000022)
[1203/014023.016:ERROR:process_reader_win.cc(123)] NtOpenThread: {Access Denied} A process has requested access to an object, but has not been granted those access rights. (0xc0000022)
[1203/014023.016:ERROR:process_reader_win.cc(151)] SuspendThread: Access is denied. (0x5)
[1203/014023.016:ERROR:process_reader_win.cc(151)] SuspendThread: Access is denied. (0x5)
[1203/014023.016:ERROR:process_reader_win.cc(151)] SuspendThread: Access is denied. (0x5)
[1203/014023.016:ERROR:process_reader_win.cc(151)] SuspendThread: Access is denied. (0x5)
[1203/014023.016:ERROR:process_reader_win.cc(123)] NtOpenThread: {Access Denied} A process has requested access to an object, but has not been granted those access rights. (0xc0000022)
[1203/014023.016:ERROR:process_reader_win.cc(151)] SuspendThread: Access is denied. (0x5)
[1203/014023.016:ERROR:process_reader_win.cc(151)] SuspendThread: Access is denied. (0x5)
[1203/014023.016:ERROR:process_reader_win.cc(123)] NtOpenThread: {Access Denied} A process has requested access to an object, but has not been granted those access rights. (0xc0000022)
[1203/014023.016:ERROR:process_reader_win.cc(151)] SuspendThread: Access is denied. (0x5)
[1203/014023.016:ERROR:exception_snapshot_win.cc(99)] thread ID 8648 not found in process
[1203/014023.016:ERROR:exception_snapshot_win.cc(99)] thread ID 16468 not found in process
[1203/014023.016:ERROR:process_reader_win.cc(151)] SuspendThread: Access is denied. (0x5)
[1203/014023.016:ERROR:exception_snapshot_win.cc(99)] thread ID 9644 not found in process
[1203/014023.016:ERROR:process_reader_win.cc(123)] NtOpenThread: {Access Denied} A process has requested access to an object, but has not been granted those access rights. (0xc0000022)
[1203/014023.016:ERROR:process_reader_win.cc(151)] SuspendThread: Access is denied. (0x5)
[1203/014023.016:ERROR:exception_snapshot_win.cc(99)] thread ID 14972 not found in process
[1203/014023.016:ERROR:process_reader_win.cc(151)] SuspendThread: Access is denied. (0x5)
[1203/014023.016:ERROR:exception_snapshot_win.cc(99)] thread ID 19660 not found in process
[1203/014023.016:ERROR:process_reader_win.cc(151)] SuspendThread: Access is denied. (0x5)
[1203/014023.016:ERROR:exception_snapshot_win.cc(99)] thread ID 14248 not found in process
[1203/014023.016:ERROR:process_reader_win.cc(123)] NtOpenThread: {Access Denied} A process has requested access to an object, but has not been granted those access rights. (0xc0000022)
[1203/014023.017:ERROR:exception_snapshot_win.cc(99)] thread ID 19596 not found in process
[1203/014023.164:ERROR:process_reader_win.cc(151)] SuspendThread: Access is denied. (0x5)
[1203/014023.165:ERROR:process_reader_win.cc(151)] SuspendThread: Access is denied. (0x5)
[1203/014023.165:ERROR:process_reader_win.cc(151)] SuspendThread: Access is denied. (0x5)
[1203/014023.164:ERROR:process_reader_win.cc(151)] SuspendThread: Access is denied. (0x5)
[1203/014023.165:ERROR:process_reader_win.cc(151)] SuspendThread: Access is denied. (0x5)
[1203/014023.165:ERROR:process_reader_win.cc(151)] SuspendThread: Access is denied. (0x5)
[1203/014023.165:ERROR:process_reader_win.cc(151)] SuspendThread: Access is denied. (0x5)
[1203/014023.165:ERROR:process_reader_win.cc(151)] SuspendThread: Access is denied. (0x5)
[1203/014023.165:ERROR:process_reader_win.cc(151)] SuspendThread: Access is denied. (0x5)
[1203/014023.165:ERROR:process_reader_win.cc(123)] NtOpenThread: {Access Denied} A process has requested access to an object, but has not been granted those access rights. (0xc0000022)
[1203/014023.165:ERROR:process_reader_win.cc(151)] SuspendThread: Access is denied. (0x5)
[1203/014023.165:ERROR:process_reader_win.cc(151)] SuspendThread: Access is denied. (0x5)
[1203/014023.165:ERROR:process_reader_win.cc(151)] SuspendThread: Access is denied. (0x5)
[1203/014023.165:ERROR:exception_snapshot_win.cc(99)] thread ID 16024 not found in process
[1203/014023.165:ERROR:process_reader_win.cc(151)] SuspendThread: Access is denied. (0x5)
[1203/014023.165:ERROR:process_reader_win.cc(123)] NtOpenThread: {Access Denied} A process has requested access to an object, but has not been granted those access rights. (0xc0000022)
[1203/014023.165:ERROR:exception_snapshot_win.cc(99)] thread ID 19344 not found in process
[1203/014023.170:ERROR:process_reader_win.cc(123)] NtOpenThread: {Access Denied} A process has requested access to an object, but has not been granted those access rights. (0xc0000022)
[1203/014023.171:ERROR:exception_snapshot_win.cc(99)] thread ID 19628 not found in process
[1203/014024.250:ERROR:process_info.cc(98)] ReadProcessMemory UNICODE_STRING: Only part of a ReadProcessMemory or WriteProcessMemory request was completed. (0x12B)
[1203/014024.251:ERROR:process_info.cc(118)] ReadProcessMemory bool __cdecl crashpad::(anonymous namespace)::ReadStruct(HANDLE, crashpad::WinVMAddress, T *) [T = crashpad::process_types::LDR_DATA_TABLE_ENTRY<crashpad::process_types::internal::Traits64>]: Only part of a ReadProcessMemory or WriteProcessMemory request was completed. (0x12B)
[1203/014024.251:ERROR:process_info.cc(329)] VirtualQueryEx: Access is denied. (0x5)
[1203/014024.251:ERROR:process_info.cc(556)] ReadMemoryInfo failed
[1203/014024.251:ERROR:scoped_process_suspend.cc(40)] NtResumeProcess: An attempt was made to access an exiting process. (0xc000010a)
[1203/014024.252:ERROR:process_info.cc(329)] VirtualQueryEx: Access is denied. (0x5)
[1203/014024.252:ERROR:process_info.cc(556)] ReadMemoryInfo failed
[1203/014024.252:ERROR:scoped_process_suspend.cc(40)] NtResumeProcess: An attempt was made to access an exiting process. (0xc000010a)
[1203/014024.282:ERROR:process_reader_win.cc(151)] SuspendThread: Access is denied. (0x5)
[1203/014024.282:ERROR:process_reader_win.cc(151)] SuspendThread: Access is denied. (0x5)
[1203/014024.282:ERROR:process_reader_win.cc(151)] SuspendThread: Access is denied. (0x5)
[1203/014024.282:ERROR:process_reader_win.cc(151)] SuspendThread: Access is denied. (0x5)
[1203/014024.282:ERROR:process_reader_win.cc(151)] SuspendThread: Access is denied. (0x5)
[1203/014024.282:ERROR:exception_snapshot_win.cc(99)] thread ID 21312 not found in process
[1203/014024.555:ERROR:process_reader_win.cc(151)] SuspendThread: Access is denied. (0x5)
[1203/014024.555:ERROR:exception_snapshot_win.cc(99)] thread ID 14292 not found in process
[1203/014024.555:ERROR:scoped_process_suspend.cc(40)] NtResumeProcess: An attempt was made to access an exiting process. (0xc000010a)
[1203/014024.828:ERROR:process_info.cc(98)] ReadProcessMemory UNICODE_STRING: Only part of a ReadProcessMemory or WriteProcessMemory request was completed. (0x12B)
[1203/014024.828:ERROR:process_info.cc(118)] ReadProcessMemory bool __cdecl crashpad::(anonymous namespace)::ReadStruct(HANDLE, crashpad::WinVMAddress, T *) [T = crashpad::process_types::LDR_DATA_TABLE_ENTRY<crashpad::process_types::internal::Traits64>]: Only part of a ReadProcessMemory or WriteProcessMemory request was completed. (0x12B)
[1203/014024.828:ERROR:process_info.cc(329)] VirtualQueryEx: Access is denied. (0x5)
[1203/014024.828:ERROR:process_info.cc(556)] ReadMemoryInfo failed
[1203/014024.828:ERROR:scoped_process_suspend.cc(40)] NtResumeProcess: An attempt was made to access an exiting process. (0xc000010a)
[1203/014025.135:ERROR:process_reader_win.cc(151)] SuspendThread: Access is denied. (0x5)
[1203/014025.135:ERROR:process_reader_win.cc(151)] SuspendThread: Access is denied. (0x5)
[1203/014025.135:ERROR:process_reader_win.cc(151)] SuspendThread: Access is denied. (0x5)
[1203/014025.135:ERROR:process_reader_win.cc(151)] SuspendThread: Access is denied. (0x5)
[1203/014025.135:ERROR:process_reader_win.cc(151)] SuspendThread: Access is denied. (0x5)
[1203/014025.135:ERROR:process_reader_win.cc(151)] SuspendThread: Access is denied. (0x5)
[1203/014025.135:ERROR:process_reader_win.cc(151)] SuspendThread: Access is denied. (0x5)
[1203/014025.135:ERROR:process_reader_win.cc(151)] SuspendThread: Access is denied. (0x5)
[1203/014025.135:ERROR:process_reader_win.cc(151)] SuspendThread: Access is denied. (0x5)
[1203/014025.135:ERROR:exception_snapshot_win.cc(99)] thread ID 9184 not found in process
[1203/014025.137:ERROR:process_reader_win.cc(151)] SuspendThread: Access is denied. (0x5)
[1203/014025.137:ERROR:process_reader_win.cc(151)] SuspendThread: Access is denied. (0x5)
[1203/014025.137:ERROR:process_reader_win.cc(151)] SuspendThread: Access is denied. (0x5)
[1203/014025.137:ERROR:process_reader_win.cc(151)] SuspendThread: Access is denied. (0x5)
[1203/014025.137:ERROR:process_reader_win.cc(151)] SuspendThread: Access is denied. (0x5)
[1203/014025.137:ERROR:process_reader_win.cc(151)] SuspendThread: Access is denied. (0x5)
[1203/014025.137:ERROR:process_reader_win.cc(151)] SuspendThread: Access is denied. (0x5)
[1203/014025.137:ERROR:process_reader_win.cc(151)] SuspendThread: Access is denied. (0x5)
[1203/014025.137:ERROR:exception_snapshot_win.cc(99)] thread ID 18444 not found in process
[1203/014025.508:ERROR:process_reader_win.cc(151)] SuspendThread: Access is denied. (0x5)
[1203/014025.508:ERROR:process_reader_win.cc(151)] SuspendThread: Access is denied. (0x5)
[1203/014025.508:ERROR:process_reader_win.cc(151)] SuspendThread: Access is denied. (0x5)
[1203/014025.508:ERROR:process_reader_win.cc(151)] SuspendThread: Access is denied. (0x5)
[1203/014025.508:ERROR:process_reader_win.cc(151)] SuspendThread: Access is denied. (0x5)
[1203/014025.508:ERROR:process_reader_win.cc(151)] SuspendThread: Access is denied. (0x5)
[1203/014025.508:ERROR:process_reader_win.cc(151)] SuspendThread: Access is denied. (0x5)
[1203/014025.509:ERROR:process_reader_win.cc(151)] SuspendThread: Access is denied. (0x5)
[1203/014025.509:ERROR:process_reader_win.cc(151)] SuspendThread: Access is denied. (0x5)
[1203/014025.509:ERROR:exception_snapshot_win.cc(99)] thread ID 10120 not found in process
[1203/014025.533:ERROR:process_reader_win.cc(151)] SuspendThread: Access is denied. (0x5)
[1203/014025.533:ERROR:process_reader_win.cc(151)] SuspendThread: Access is denied. (0x5)
[1203/014025.533:ERROR:process_reader_win.cc(151)] SuspendThread: Access is denied. (0x5)
[1203/014025.533:ERROR:process_reader_win.cc(151)] SuspendThread: Access is denied. (0x5)
[1203/014025.533:ERROR:process_reader_win.cc(151)] SuspendThread: Access is denied. (0x5)
[1203/014025.533:ERROR:process_reader_win.cc(151)] SuspendThread: Access is denied. (0x5)
[1203/014025.533:ERROR:process_reader_win.cc(151)] SuspendThread: Access is denied. (0x5)
[1203/014025.533:ERROR:process_reader_win.cc(151)] SuspendThread: Access is denied. (0x5)
[1203/014025.533:ERROR:process_reader_win.cc(151)] SuspendThread: Access is denied. (0x5)
[1203/014025.533:ERROR:exception_snapshot_win.cc(99)] thread ID 21360 not found in process
[1203/014025.543:ERROR:process_reader_win.cc(151)] SuspendThread: Access is denied. (0x5)
[1203/014025.543:ERROR:process_reader_win.cc(151)] SuspendThread: Access is denied. (0x5)
[1203/014025.543:ERROR:process_reader_win.cc(151)] SuspendThread: Access is denied. (0x5)
[1203/014025.543:ERROR:process_reader_win.cc(151)] SuspendThread: Access is denied. (0x5)
[1203/014025.543:ERROR:process_reader_win.cc(151)] SuspendThread: Access is denied. (0x5)
[1203/014025.543:ERROR:process_reader_win.cc(151)] SuspendThread: Access is denied. (0x5)
[1203/014025.543:ERROR:process_reader_win.cc(151)] SuspendThread: Access is denied. (0x5)
[1203/014025.543:ERROR:process_reader_win.cc(151)] SuspendThread: Access is denied. (0x5)
[1203/014025.543:ERROR:process_reader_win.cc(151)] SuspendThread: Access is denied. (0x5)
[1203/014025.543:ERROR:exception_snapshot_win.cc(99)] thread ID 16812 not found in process
[1203/014025.547:ERROR:process_info.cc(329)] VirtualQueryEx: Access is denied. (0x5)
[1203/014025.547:ERROR:process_info.cc(556)] ReadMemoryInfo failed
[1203/014025.547:ERROR:scoped_process_suspend.cc(40)] NtResumeProcess: An attempt was made to access an exiting process. (0xc000010a)
[1203/014025.592:ERROR:process_reader_win.cc(151)] SuspendThread: Access is denied. (0x5)
[1203/014025.592:ERROR:process_reader_win.cc(151)] SuspendThread: Access is denied. (0x5)
[1203/014025.592:ERROR:process_reader_win.cc(151)] SuspendThread: Access is denied. (0x5)
[1203/014025.592:ERROR:process_reader_win.cc(151)] SuspendThread: Access is denied. (0x5)
[1203/014025.592:ERROR:process_reader_win.cc(151)] SuspendThread: Access is denied. (0x5)
[1203/014025.592:ERROR:process_reader_win.cc(151)] SuspendThread: Access is denied. (0x5)
[1203/014025.592:ERROR:process_reader_win.cc(151)] SuspendThread: Access is denied. (0x5)
[1203/014025.592:ERROR:process_reader_win.cc(151)] SuspendThread: Access is denied. (0x5)
[1203/014025.593:ERROR:exception_snapshot_win.cc(99)] thread ID 20000 not found in process
[1203/014025.595:ERROR:process_reader_win.cc(151)] SuspendThread: Access is denied. (0x5)
[1203/014025.595:ERROR:process_reader_win.cc(151)] SuspendThread: Access is denied. (0x5)
[1203/014025.596:ERROR:process_reader_win.cc(151)] SuspendThread: Access is denied. (0x5)
[1203/014025.596:ERROR:process_reader_win.cc(151)] SuspendThread: Access is denied. (0x5)
[1203/014025.596:ERROR:process_reader_win.cc(151)] SuspendThread: Access is denied. (0x5)
[1203/014025.596:ERROR:process_reader_win.cc(151)] SuspendThread: Access is denied. (0x5)
[1203/014025.596:ERROR:process_reader_win.cc(151)] SuspendThread: Access is denied. (0x5)
[1203/014025.596:ERROR:process_reader_win.cc(151)] SuspendThread: Access is denied. (0x5)
[1203/014025.596:ERROR:process_reader_win.cc(151)] SuspendThread: Access is denied. (0x5)
[1203/014025.596:ERROR:process_reader_win.cc(151)] SuspendThread: Access is denied. (0x5)
[1203/014025.596:ERROR:process_reader_win.cc(151)] SuspendThread: Access is denied. (0x5)
[1203/014025.596:ERROR:process_reader_win.cc(151)] SuspendThread: Access is denied. (0x5)
[1203/014025.596:ERROR:process_reader_win.cc(151)] SuspendThread: Access is denied. (0x5)
[1203/014025.596:ERROR:process_reader_win.cc(151)] SuspendThread: Access is denied. (0x5)
[1203/014025.596:ERROR:process_reader_win.cc(151)] SuspendThread: Access is denied. (0x5)
[1203/014025.596:ERROR:process_reader_win.cc(151)] SuspendThread: Access is denied. (0x5)
[1203/014025.596:ERROR:exception_snapshot_win.cc(99)] thread ID 1868 not found in process
[1203/014025.596:ERROR:exception_snapshot_win.cc(99)] thread ID 14024 not found in process
[1203/014025.605:ERROR:process_reader_win.cc(151)] SuspendThread: Access is denied. (0x5)
[1203/014025.605:ERROR:process_reader_win.cc(151)] SuspendThread: Access is denied. (0x5)
[1203/014025.605:ERROR:process_reader_win.cc(151)] SuspendThread: Access is denied. (0x5)
[1203/014025.605:ERROR:process_reader_win.cc(151)] SuspendThread: Access is denied. (0x5)
[1203/014025.605:ERROR:process_reader_win.cc(151)] SuspendThread: Access is denied. (0x5)
[1203/014025.605:ERROR:process_reader_win.cc(151)] SuspendThread: Access is denied. (0x5)
[1203/014025.605:ERROR:exception_snapshot_win.cc(99)] thread ID 19444 not found in process
[1203/014025.636:ERROR:process_info.cc(329)] VirtualQueryEx: Access is denied. (0x5)
[1203/014025.636:ERROR:process_info.cc(556)] ReadMemoryInfo failed
[1203/014025.636:ERROR:scoped_process_suspend.cc(40)] NtResumeProcess: An attempt was made to access an exiting process. (0xc000010a)
[1203/014025.683:ERROR:process_reader_win.cc(151)] SuspendThread: Access is denied. (0x5)
[1203/014025.683:ERROR:process_reader_win.cc(151)] SuspendThread: Access is denied. (0x5)
[1203/014025.683:ERROR:process_reader_win.cc(151)] SuspendThread: Access is denied. (0x5)
[1203/014025.683:ERROR:process_reader_win.cc(151)] SuspendThread: Access is denied. (0x5)
[1203/014025.683:ERROR:process_reader_win.cc(151)] SuspendThread: Access is denied. (0x5)
[1203/014025.683:ERROR:process_reader_win.cc(151)] SuspendThread: Access is denied. (0x5)
[1203/014025.683:ERROR:process_reader_win.cc(151)] SuspendThread: Access is denied. (0x5)
[1203/014025.683:ERROR:process_reader_win.cc(151)] SuspendThread: Access is denied. (0x5)
[1203/014025.683:ERROR:process_reader_win.cc(151)] SuspendThread: Access is denied. (0x5)
[1203/014025.683:ERROR:exception_snapshot_win.cc(99)] thread ID 7984 not found in process
[1203/014026.028:ERROR:process_reader_win.cc(151)] SuspendThread: Access is denied. (0x5)
[1203/014026.028:ERROR:process_reader_win.cc(151)] SuspendThread: Access is denied. (0x5)
[1203/014026.028:ERROR:exception_snapshot_win.cc(99)] thread ID 18376 not found in process
[1203/014026.029:ERROR:process_reader_win.cc(151)] SuspendThread: Access is denied. (0x5)
[1203/014026.029:ERROR:process_reader_win.cc(151)] SuspendThread: Access is denied. (0x5)
[1203/014026.029:ERROR:process_reader_win.cc(151)] SuspendThread: Access is denied. (0x5)
[1203/014026.029:ERROR:process_reader_win.cc(151)] SuspendThread: Access is denied. (0x5)
[1203/014026.029:ERROR:process_reader_win.cc(151)] SuspendThread: Access is denied. (0x5)
[1203/014026.030:ERROR:process_reader_win.cc(151)] SuspendThread: Access is denied. (0x5)
[1203/014026.030:ERROR:process_reader_win.cc(151)] SuspendThread: Access is denied. (0x5)
[1203/014026.030:ERROR:process_reader_win.cc(151)] SuspendThread: Access is denied. (0x5)
[1203/014026.030:ERROR:process_reader_win.cc(151)] SuspendThread: Access is denied. (0x5)
[1203/014026.030:ERROR:exception_snapshot_win.cc(99)] thread ID 9328 not found in process
